<?xml version="1.0" encoding="UTF-8"?>
<testng-results skipped="0" failed="1" total="3" passed="2">
  <reporter-output>
  </reporter-output>
  <suite name="Default suite" duration-ms="22838" started-at="2016-07-27T09:10:09Z" finished-at="2016-07-27T09:10:32Z">
    <groups>
    </groups>
    <test name="Default test" duration-ms="22838" started-at="2016-07-27T09:10:09Z" finished-at="2016-07-27T09:10:32Z">
      <class name="Tests.AddingNewTestCase">
        <test-method status="PASS" signature="setups()[pri:0, instance:Tests.AddingNewTestCase@402a079c]" name="setups" is-config="true" duration-ms="22153" started-at="2016-07-27T14:40:09Z" finished-at="2016-07-27T14:40:31Z">
          <reporter-output>
          </reporter-output>
        </test-method> <!-- setups -->
        <test-method status="PASS" signature="clickingfb()[pri:0, instance:Tests.AddingNewTestCase@402a079c]" name="clickingfb" duration-ms="381" started-at="2016-07-27T14:40:31Z" finished-at="2016-07-27T14:40:32Z">
          <reporter-output>
          </reporter-output>
        </test-method> <!-- clickingfb -->
        <test-method status="PASS" signature="test()[pri:0, instance:Tests.AddingNewTestCase@402a079c]" name="test" duration-ms="2" started-at="2016-07-27T14:40:32Z" finished-at="2016-07-27T14:40:32Z">
          <reporter-output>
          </reporter-output>
        </test-method> <!-- test -->
        <test-method status="FAIL" signature="titletest()[pri:0, instance:Tests.AddingNewTestCase@402a079c]" name="titletest" duration-ms="254" started-at="2016-07-27T14:40:32Z" finished-at="2016-07-27T14:40:32Z">
          <exception class="java.lang.AssertionError">
            <message>
              <![CDATA[expected [Hello World] but found [Sign In]]]>
            </message>
            <full-stacktrace>
              <![CDATA[java.lang.AssertionError: expected [Hello World] but found [Sign In]
	at org.testng.Assert.fail(Assert.java:94)
	at org.testng.Assert.failNotEquals(Assert.java:496)
	at org.testng.Assert.assertEquals(Assert.java:125)
	at org.testng.Assert.assertEquals(Assert.java:178)
	at org.testng.Assert.assertEquals(Assert.java:188)
	at Tests.AddingNewTestCase.titletest(AddingNewTestCase.java:76)
	at sun.reflect.NativeMethodAccessorImpl.invoke0(Native Method)
	at sun.reflect.NativeMethodAccessorImpl.invoke(Unknown Source)
	at sun.reflect.DelegatingMethodAccessorImpl.invoke(Unknown Source)
	at java.lang.reflect.Method.invoke(Unknown Source)
	at org.testng.internal.MethodInvocationHelper.invokeMethod(MethodInvocationHelper.java:85)
	at org.testng.internal.Invoker.invokeMethod(Invoker.java:639)
	at org.testng.internal.Invoker.invokeTestMethod(Invoker.java:816)
	at org.testng.internal.Invoker.invokeTestMethods(Invoker.java:1124)
	at org.testng.internal.TestMethodWorker.invokeTestMethods(TestMethodWorker.java:125)
	at org.testng.internal.TestMethodWorker.run(TestMethodWorker.java:108)
	at org.testng.TestRunner.privateRun(TestRunner.java:774)
	at org.testng.TestRunner.run(TestRunner.java:624)
	at org.testng.SuiteRunner.runTest(SuiteRunner.java:359)
	at org.testng.SuiteRunner.runSequentially(SuiteRunner.java:354)
	at org.testng.SuiteRunner.privateRun(SuiteRunner.java:312)
	at org.testng.SuiteRunner.run(SuiteRunner.java:261)
	at org.testng.SuiteRunnerWorker.runSuite(SuiteRunnerWorker.java:52)
	at org.testng.SuiteRunnerWorker.run(SuiteRunnerWorker.java:86)
	at org.testng.TestNG.runSuitesSequentially(TestNG.java:1215)
	at org.testng.TestNG.runSuitesLocally(TestNG.java:1140)
	at org.testng.TestNG.run(TestNG.java:1048)
	at org.testng.remote.AbstractRemoteTestNG.run(AbstractRemoteTestNG.java:126)
	at org.testng.remote.RemoteTestNG.initAndRun(RemoteTestNG.java:152)
	at org.testng.remote.RemoteTestNG.main(RemoteTestNG.java:57)
]]>
            </full-stacktrace>
          </exception> <!-- java.lang.AssertionError -->
          <reporter-output>
          </reporter-output>
        </test-method> <!-- titletest -->
      </class> <!-- Tests.AddingNewTestCase -->
    </test> <!-- Default test -->
  </suite> <!-- Default suite -->
</testng-results>
